Arguments: 
  /home/spaceghost/.nvm/versions/node/v12.20.1/bin/node /usr/share/yarn/bin/yarn.js

PATH: 
  /home/spaceghost/.npm-global/bin:/home/spaceghost/.deno/bin:/home/spaceghost/Owasp/dependency-check/bin:/home/spaceghost/.local/bin:/home/spaceghost/.npm-global/bin:/home/spaceghost/.deno/bin:/home/spaceghost/Owasp/dependency-check/bin:/home/spaceghost/.local/bin:/home/spaceghost/.nvm/versions/node/v12.20.1/bin:/home/spaceghost/.npm-global/bin:/home/spaceghost/.deno/bin:/home/spaceghost/Owasp/dependency-check/bin:/home/spaceghost/.local/bin:/usr/local/sbin:/usr/local/bin:/usr/sbin:/usr/bin:/sbin:/bin:/usr/games:/usr/local/games:/snap/bin:/home/spaceghost/.dotnet/tools:/home/spaceghost/.dotnet/tools:/opt/mssql-tools/bin:/home/spaceghost/.dotnet/tools:/opt/mssql-tools/bin

Yarn version: 
  1.22.0

Node version: 
  12.20.1

Platform: 
  linux x64

Trace: 
  Error: connect EHOSTUNREACH 104.16.19.35:443
      at TCPConnectWrap.afterConnect [as oncomplete] (net.js:1144:16)

npm manifest: 
  {
    "name": "gatsby-spaceout-theme-workspace",
    "private": true,
    "version": "0.0.1",
    "main": "index.js",
    "license": "MIT",
    "scripts": {
      "build": "yarn workspace spaceout build",
      "dev": "yarn start",
      "lint": "eslint --ignore-path .gitignore .",
      "start": "yarn workspace spaceout develop",
      "serve": "yarn workspace spaceout serve",
      "bootstrap": "yarn lerna bootstrap",
      "publish": "yarn lerna version && yarn lerna publish"
    },
    "workspaces": [
      "gatsby-theme-spaceout",
      "spaceout"
    ],
    "devDependencies": {
      "@commitlint/cli": "^8.1.0",
      "@commitlint/config-conventional": "^8.1.0",
      "@commitlint/travis-cli": "^8.1.0",
      "eslint": "^7.19.0",
      "eslint-config-airbnb-base": "^14.2.1",
      "eslint-config-prettier": "^7.2.0",
      "eslint-plugin-import": "^2.22.1",
      "eslint-plugin-prettier": "^3.3.1",
      "eslint-plugin-unicorn": "^27.0.0",
      "husky": "^4.3.8",
      "lerna": "^3.22.1",
      "prettier": "^2.2.1"
    },
    "eslintConfig": {
      "extends": [
        "airbnb-base",
        "plugin:prettier/recommended",
        "plugin:unicorn/recommended"
      ],
      "env": {
        "browser": false
      },
      "overrides": [],
      "plugins": [],
      "rules": {
        "unicorn/no-abusive-eslint-disable": 0,
        "unicorn/filename-case": [
          "error",
          {
            "cases": {
              "camelCase": true,
              "kebabCase": true
            }
          }
        ]
      }
    },
    "husky": {
      "hooks": {
        "pre-commit": "yarn lint",
        "commit-msg": "commitlint -E HUSKY_GIT_PARAMS"
      }
    },
    "prettier": {
      "singleQuote": true,
      "trailingComma": "all"
    }
  }

yarn manifest: 
  No manifest

Lockfile: 
  No lockfile
